C:\Users\Calvin\Desktop\Polycode-master\Release\Windows\Framework\Vinezors\Windows\Release\cl.command.1.tlog
C:\Users\Calvin\Desktop\Polycode-master\Release\Windows\Framework\Vinezors\Windows\Release\CL.read.1.tlog
C:\Users\Calvin\Desktop\Polycode-master\Release\Windows\Framework\Vinezors\Windows\Release\CL.write.1.tlog
C:\USERS\CALVIN\DESKTOP\POLYCODE-MASTER\RELEASE\WINDOWS\FRAMEWORK\VINEZORS\WINDOWS\RELEASE\DIRECTION.OBJ
C:\Users\Calvin\Desktop\Polycode-master\Release\Windows\Framework\Vinezors\Windows\Release\link.command.1.tlog
C:\Users\Calvin\Desktop\Polycode-master\Release\Windows\Framework\Vinezors\Windows\Release\link.read.1.tlog
C:\Users\Calvin\Desktop\Polycode-master\Release\Windows\Framework\Vinezors\Windows\Release\link.write.1.tlog
C:\USERS\CALVIN\DESKTOP\POLYCODE-MASTER\RELEASE\WINDOWS\FRAMEWORK\VINEZORS\WINDOWS\RELEASE\MAIN.OBJ
C:\Users\Calvin\Desktop\Polycode-master\Release\Windows\Framework\Vinezors\Windows\Release\mt.command.1.tlog
C:\Users\Calvin\Desktop\Polycode-master\Release\Windows\Framework\Vinezors\Windows\Release\mt.read.1.tlog
C:\Users\Calvin\Desktop\Polycode-master\Release\Windows\Framework\Vinezors\Windows\Release\mt.write.1.tlog
C:\USERS\CALVIN\DESKTOP\POLYCODE-MASTER\RELEASE\WINDOWS\FRAMEWORK\VINEZORS\WINDOWS\RELEASE\PLAYER.OBJ
C:\USERS\CALVIN\DESKTOP\POLYCODE-MASTER\RELEASE\WINDOWS\FRAMEWORK\VINEZORS\WINDOWS\RELEASE\POD.OBJ
C:\USERS\CALVIN\DESKTOP\POLYCODE-MASTER\RELEASE\WINDOWS\FRAMEWORK\VINEZORS\WINDOWS\RELEASE\TUNNEL.OBJ
C:\USERS\CALVIN\DESKTOP\POLYCODE-MASTER\RELEASE\WINDOWS\FRAMEWORK\VINEZORS\WINDOWS\RELEASE\VC100.PDB
C:\USERS\CALVIN\DESKTOP\POLYCODE-MASTER\RELEASE\WINDOWS\FRAMEWORK\VINEZORS\WINDOWS\RELEASE\VINE.OBJ
C:\USERS\CALVIN\DESKTOP\POLYCODE-MASTER\RELEASE\WINDOWS\FRAMEWORK\VINEZORS\WINDOWS\RELEASE\VINEZORS.EXE
C:\USERS\CALVIN\DESKTOP\POLYCODE-MASTER\RELEASE\WINDOWS\FRAMEWORK\VINEZORS\WINDOWS\RELEASE\VINEZORS.EXE.INTERMEDIATE.MANIFEST
C:\Users\Calvin\Desktop\Polycode-master\Release\Windows\Framework\Vinezors\Windows\Release\Vinezors.exp
C:\Users\Calvin\Desktop\Polycode-master\Release\Windows\Framework\Vinezors\Windows\Release\Vinezors.lib
C:\USERS\CALVIN\DESKTOP\POLYCODE-MASTER\RELEASE\WINDOWS\FRAMEWORK\VINEZORS\WINDOWS\RELEASE\VINEZORS.OBJ
C:\USERS\CALVIN\DESKTOP\POLYCODE-MASTER\RELEASE\WINDOWS\FRAMEWORK\VINEZORS\WINDOWS\RELEASE\VINEZORS.PDB
C:\Users\Calvin\Desktop\Polycode-master\Release\Windows\Framework\Vinezors\Windows\Release\Vinezors.vcxprojResolveAssemblyReference.cache
C:\Users\Calvin\Desktop\Polycode-master\Release\Windows\Framework\Vinezors\Windows\Release\Vinezors.write.1.tlog
