C:\Users\Yuki\Documents\GitHub\Polycode\Release\Windows\Framework\Popzors\Windows\Release\cl.command.1.tlog
C:\Users\Yuki\Documents\GitHub\Polycode\Release\Windows\Framework\Popzors\Windows\Release\CL.read.1.tlog
C:\Users\Yuki\Documents\GitHub\Polycode\Release\Windows\Framework\Popzors\Windows\Release\CL.write.1.tlog
C:\Users\Yuki\Documents\GitHub\Polycode\Release\Windows\Framework\Popzors\Windows\Release\link.command.1.tlog
C:\Users\Yuki\Documents\GitHub\Polycode\Release\Windows\Framework\Popzors\Windows\Release\link.read.1.tlog
C:\Users\Yuki\Documents\GitHub\Polycode\Release\Windows\Framework\Popzors\Windows\Release\link.write.1.tlog
C:\USERS\YUKI\DOCUMENTS\GITHUB\POLYCODE\RELEASE\WINDOWS\FRAMEWORK\POPZORS\WINDOWS\RELEASE\MAIN.OBJ
C:\Users\Yuki\Documents\GitHub\Polycode\Release\Windows\Framework\Popzors\Windows\Release\mt.command.1.tlog
C:\Users\Yuki\Documents\GitHub\Polycode\Release\Windows\Framework\Popzors\Windows\Release\mt.read.1.tlog
C:\Users\Yuki\Documents\GitHub\Polycode\Release\Windows\Framework\Popzors\Windows\Release\mt.write.1.tlog
C:\USERS\YUKI\DOCUMENTS\GITHUB\POLYCODE\RELEASE\WINDOWS\FRAMEWORK\POPZORS\WINDOWS\RELEASE\POPPY.OBJ
C:\USERS\YUKI\DOCUMENTS\GITHUB\POLYCODE\RELEASE\WINDOWS\FRAMEWORK\POPZORS\WINDOWS\RELEASE\POPZORS.EXE
C:\USERS\YUKI\DOCUMENTS\GITHUB\POLYCODE\RELEASE\WINDOWS\FRAMEWORK\POPZORS\WINDOWS\RELEASE\POPZORS.EXE.INTERMEDIATE.MANIFEST
C:\Users\Yuki\Documents\GitHub\Polycode\Release\Windows\Framework\Popzors\Windows\Release\Popzors.exp
C:\Users\Yuki\Documents\GitHub\Polycode\Release\Windows\Framework\Popzors\Windows\Release\Popzors.lib
C:\USERS\YUKI\DOCUMENTS\GITHUB\POLYCODE\RELEASE\WINDOWS\FRAMEWORK\POPZORS\WINDOWS\RELEASE\POPZORS.OBJ
C:\USERS\YUKI\DOCUMENTS\GITHUB\POLYCODE\RELEASE\WINDOWS\FRAMEWORK\POPZORS\WINDOWS\RELEASE\POPZORS.PDB
C:\Users\Yuki\Documents\GitHub\Polycode\Release\Windows\Framework\Popzors\Windows\Release\Popzors.write.1.tlog
C:\USERS\YUKI\DOCUMENTS\GITHUB\POLYCODE\RELEASE\WINDOWS\FRAMEWORK\POPZORS\WINDOWS\RELEASE\POT.OBJ
C:\USERS\YUKI\DOCUMENTS\GITHUB\POLYCODE\RELEASE\WINDOWS\FRAMEWORK\POPZORS\WINDOWS\RELEASE\SELECTABLE.OBJ
C:\USERS\YUKI\DOCUMENTS\GITHUB\POLYCODE\RELEASE\WINDOWS\FRAMEWORK\POPZORS\WINDOWS\RELEASE\VC100.PDB
